TN:
SF:src/telematics/validateAndNormalize.js
FN:27,validateAndNormalizeTelematicsV1
FNF:1
FNH:0
FNDA:0,validateAndNormalizeTelematicsV1
DA:3,1
DA:28,0
DA:29,0
DA:31,0
DA:34,0
DA:35,0
DA:36,0
DA:39,0
DA:54,1
LF:9
LH:2
BRDA:29,0,0,0
BRDA:29,0,1,0
BRDA:35,1,0,0
BRDA:35,1,1,0
BRDA:45,2,0,0
BRDA:45,2,1,0
BRDA:46,3,0,0
BRDA:46,3,1,0
BRDA:47,4,0,0
BRDA:47,4,1,0
BRDA:48,5,0,0
BRDA:48,5,1,0
BRDA:49,6,0,0
BRDA:49,6,1,0
BRF:14
BRH:0
end_of_record
TN:
SF:tests/integration/helpers/httpClient.js
FN:21,httpJson
FN:31,(anonymous_1)
FN:49,(anonymous_2)
FNF:3
FNH:1
FNDA:4,httpJson
FNDA:0,(anonymous_1)
FNDA:0,(anonymous_2)
DA:22,4
DA:23,4
DA:29,4
DA:30,4
DA:31,4
DA:35,4
DA:36,3
DA:37,3
DA:40,4
DA:41,4
DA:48,0
DA:49,0
DA:50,0
DA:53,0
DA:54,0
DA:55,0
DA:56,0
DA:57,0
DA:59,0
DA:63,0
DA:65,4
DA:69,1
LF:22
LH:12
BRDA:21,0,0,0
BRDA:22,1,0,4
BRDA:22,1,1,0
BRDA:23,2,0,4
BRDA:23,2,1,4
BRDA:29,3,0,4
BRDA:29,3,1,0
BRDA:29,4,0,4
BRDA:29,4,1,4
BRDA:35,5,0,3
BRDA:35,5,1,1
BRDA:36,6,0,3
BRDA:36,6,1,3
BRDA:37,7,0,0
BRDA:37,7,1,3
BRDA:45,8,0,4
BRDA:45,8,1,0
BRDA:55,9,0,0
BRDA:55,9,1,0
BRDA:65,10,0,4
BRDA:65,10,1,0
BRF:21
BRH:13
end_of_record
