TN:
SF:src/telematics/validateAndNormalize.js
FN:27,validateAndNormalizeTelematicsV1
FNF:1
FNH:1
FNDA:1,validateAndNormalizeTelematicsV1
DA:3,1
DA:28,1
DA:29,1
DA:31,1
DA:34,1
DA:35,1
DA:36,0
DA:39,1
DA:54,1
LF:9
LH:8
BRDA:29,0,0,0
BRDA:29,0,1,1
BRDA:35,1,0,0
BRDA:35,1,1,1
BRDA:45,2,0,1
BRDA:45,2,1,0
BRDA:46,3,0,1
BRDA:46,3,1,0
BRDA:47,4,0,1
BRDA:47,4,1,0
BRDA:48,5,0,1
BRDA:48,5,1,0
BRDA:49,6,0,1
BRDA:49,6,1,0
BRF:14
BRH:7
end_of_record
TN:
SF:tests/integration/helpers/httpClient.js
FN:21,httpJson
FN:31,(anonymous_1)
FN:49,(anonymous_2)
FNF:3
FNH:2
FNDA:9,httpJson
FNDA:0,(anonymous_1)
FNDA:126,(anonymous_2)
DA:22,9
DA:23,9
DA:29,9
DA:30,9
DA:31,9
DA:35,9
DA:36,6
DA:37,6
DA:40,9
DA:41,9
DA:48,9
DA:49,9
DA:50,126
DA:53,9
DA:54,9
DA:55,9
DA:56,9
DA:57,9
DA:59,0
DA:63,9
DA:65,9
DA:69,1
LF:22
LH:21
BRDA:21,0,0,0
BRDA:22,1,0,9
BRDA:22,1,1,0
BRDA:23,2,0,9
BRDA:23,2,1,9
BRDA:29,3,0,9
BRDA:29,3,1,0
BRDA:29,4,0,9
BRDA:29,4,1,9
BRDA:35,5,0,6
BRDA:35,5,1,3
BRDA:36,6,0,6
BRDA:36,6,1,6
BRDA:37,7,0,0
BRDA:37,7,1,6
BRDA:45,8,0,9
BRDA:45,8,1,0
BRDA:55,9,0,9
BRDA:55,9,1,0
BRDA:65,10,0,9
BRDA:65,10,1,0
BRF:21
BRH:14
end_of_record
