<?xml version="1.0" encoding="UTF-8"?>
<testsuites name="@connected-car/telematics-ingestion integration (coverage)" tests="4" failures="4" errors="0" time="0.638">
  <testsuite name="SWE.5 integration: telematics-ingestion → vehicle-state" errors="0" failures="4" skipped="0" timestamp="2026-01-26T18:37:33" time="0.579" tests="4">
    <testcase classname="SWE.5 integration: telematics-ingestion → vehicle-state happy path: normalize telematics, post state update, and query current state" name="SWE.5 integration: telematics-ingestion → vehicle-state happy path: normalize telematics, post state update, and query current state" time="0.017" file="tests/integration/telematics-ingestion-vehicle-state.flow.spec.js">
      <failure>TypeError: fetch failed
    at node:internal/deps/undici/undici:12637:11
    at processTicksAndRejections (node:internal/process/task_queues:95:5)
    at httpJson (/home/kavia/workspace/code-generation/telematics-ingestion-c_car_platform/tests/integration/helpers/httpClient.js:41:17)
    at Object.&lt;anonymous&gt; (/home/kavia/workspace/code-generation/telematics-ingestion-c_car_platform/tests/integration/telematics-ingestion-vehicle-state.flow.spec.js:49:23)</failure>
    </testcase>
    <testcase classname="SWE.5 integration: telematics-ingestion → vehicle-state error path: request-level validation fails when items is missing/empty (telematics-ingestion)" name="SWE.5 integration: telematics-ingestion → vehicle-state error path: request-level validation fails when items is missing/empty (telematics-ingestion)" time="0.003" file="tests/integration/telematics-ingestion-vehicle-state.flow.spec.js">
      <failure>TypeError: fetch failed
    at node:internal/deps/undici/undici:12637:11
    at processTicksAndRejections (node:internal/process/task_queues:95:5)
    at httpJson (/home/kavia/workspace/code-generation/telematics-ingestion-c_car_platform/tests/integration/helpers/httpClient.js:41:17)
    at Object.&lt;anonymous&gt; (/home/kavia/workspace/code-generation/telematics-ingestion-c_car_platform/tests/integration/telematics-ingestion-vehicle-state.flow.spec.js:93:18)</failure>
    </testcase>
    <testcase classname="SWE.5 integration: telematics-ingestion → vehicle-state error path: per-item schema validation failure yields rejected result and no state update performed by test" name="SWE.5 integration: telematics-ingestion → vehicle-state error path: per-item schema validation failure yields rejected result and no state update performed by test" time="0.002" file="tests/integration/telematics-ingestion-vehicle-state.flow.spec.js">
      <failure>TypeError: fetch failed
    at node:internal/deps/undici/undici:12637:11
    at processTicksAndRejections (node:internal/process/task_queues:95:5)
    at httpJson (/home/kavia/workspace/code-generation/telematics-ingestion-c_car_platform/tests/integration/helpers/httpClient.js:41:17)
    at Object.&lt;anonymous&gt; (/home/kavia/workspace/code-generation/telematics-ingestion-c_car_platform/tests/integration/telematics-ingestion-vehicle-state.flow.spec.js:116:20)</failure>
    </testcase>
    <testcase classname="SWE.5 integration: telematics-ingestion → vehicle-state error path: unparseable timestamp is rejected by normalization in ingestion results and no state update performed by test" name="SWE.5 integration: telematics-ingestion → vehicle-state error path: unparseable timestamp is rejected by normalization in ingestion results and no state update performed by test" time="0.002" file="tests/integration/telematics-ingestion-vehicle-state.flow.spec.js">
      <failure>TypeError: fetch failed
    at node:internal/deps/undici/undici:12637:11
    at processTicksAndRejections (node:internal/process/task_queues:95:5)
    at httpJson (/home/kavia/workspace/code-generation/telematics-ingestion-c_car_platform/tests/integration/helpers/httpClient.js:41:17)
    at Object.&lt;anonymous&gt; (/home/kavia/workspace/code-generation/telematics-ingestion-c_car_platform/tests/integration/telematics-ingestion-vehicle-state.flow.spec.js:152:23)</failure>
    </testcase>
  </testsuite>
</testsuites>