<?xml version="1.0" encoding="UTF-8"?>
<testsuites name="@connected-car/telematics-ingestion integration (coverage)" tests="4" failures="0" errors="0" time="0.498">
  <testsuite name="SWE.5 integration: telematics-ingestion → vehicle-state" errors="0" failures="0" skipped="0" timestamp="2026-01-26T18:42:01" time="0.462" tests="4">
    <testcase classname="SWE.5 integration: telematics-ingestion → vehicle-state happy path: normalize telematics, post state update, and query current state" name="SWE.5 integration: telematics-ingestion → vehicle-state happy path: normalize telematics, post state update, and query current state" time="0.039" file="tests/integration/telematics-ingestion-vehicle-state.flow.spec.js">
    </testcase>
    <testcase classname="SWE.5 integration: telematics-ingestion → vehicle-state error path: request-level validation fails when items is missing/empty (telematics-ingestion)" name="SWE.5 integration: telematics-ingestion → vehicle-state error path: request-level validation fails when items is missing/empty (telematics-ingestion)" time="0.006" file="tests/integration/telematics-ingestion-vehicle-state.flow.spec.js">
    </testcase>
    <testcase classname="SWE.5 integration: telematics-ingestion → vehicle-state error path: per-item schema validation failure yields rejected result and no state update performed by test" name="SWE.5 integration: telematics-ingestion → vehicle-state error path: per-item schema validation failure yields rejected result and no state update performed by test" time="0.009" file="tests/integration/telematics-ingestion-vehicle-state.flow.spec.js">
    </testcase>
    <testcase classname="SWE.5 integration: telematics-ingestion → vehicle-state error path: unparseable timestamp is rejected by normalization in ingestion results and no state update performed by test" name="SWE.5 integration: telematics-ingestion → vehicle-state error path: unparseable timestamp is rejected by normalization in ingestion results and no state update performed by test" time="0.004" file="tests/integration/telematics-ingestion-vehicle-state.flow.spec.js">
    </testcase>
  </testsuite>
</testsuites>